  ParallelProject.cpp
D:\projects\ParallelProject\ParallelProject\lodepng.cpp(687,54): warning C4334: <<: результат 32-разрядного смещения неявно преобразуется в 64-разрядное значение (предполагалось 64-разрядное смещение?)
D:\projects\ParallelProject\ParallelProject\lodepng.cpp(705,35): warning C4267: =: преобразование из "size_t" в "unsigned short"; возможна потеря данных
D:\projects\ParallelProject\ParallelProject\lodepng.cpp(706,39): warning C4334: <<: результат 32-разрядного смещения неявно преобразуется в 64-разрядное значение (предполагалось 64-разрядное смещение?)
D:\projects\ParallelProject\ParallelProject\lodepng.cpp(730,37): warning C4267: =: преобразование из "size_t" в "unsigned short"; возможна потеря данных
D:\projects\ParallelProject\ParallelProject\lodepng.cpp(747,38): warning C4267: =: преобразование из "size_t" в "unsigned short"; возможна потеря данных
D:\projects\ParallelProject\ParallelProject\lodepng.cpp(3726,78): warning C4267: аргумент: преобразование из "size_t" в "unsigned int"; возможна потеря данных
D:\projects\ParallelProject\ParallelProject\lodepng.cpp(4729,33): warning C4267: =: преобразование из "size_t" в "unsigned int"; возможна потеря данных
D:\projects\ParallelProject\ParallelProject\lodepng.cpp(4998,60): warning C4267: аргумент: преобразование из "size_t" в "unsigned int"; возможна потеря данных
D:\projects\ParallelProject\ParallelProject\lodepng.cpp(5003,83): warning C4267: аргумент: преобразование из "size_t" в "unsigned int"; возможна потеря данных
D:\projects\ParallelProject\ParallelProject\lodepng.cpp(5004,94): warning C4267: аргумент: преобразование из "size_t" в "unsigned int"; возможна потеря данных
D:\projects\ParallelProject\ParallelProject\lodepng.cpp(5005,83): warning C4267: аргумент: преобразование из "size_t" в "unsigned int"; возможна потеря данных
D:\projects\ParallelProject\ParallelProject\lodepng.cpp(5006,94): warning C4267: аргумент: преобразование из "size_t" в "unsigned int"; возможна потеря данных
D:\projects\ParallelProject\ParallelProject\lodepng.cpp(5007,83): warning C4267: аргумент: преобразование из "size_t" в "unsigned int"; возможна потеря данных
D:\projects\ParallelProject\ParallelProject\lodepng.cpp(5008,94): warning C4267: аргумент: преобразование из "size_t" в "unsigned int"; возможна потеря данных
D:\projects\ParallelProject\ParallelProject\lodepng.cpp(5009,78): warning C4267: аргумент: преобразование из "size_t" в "unsigned int"; возможна потеря данных
D:\projects\ParallelProject\ParallelProject\lodepng.cpp(5204,3): warning C4267: аргумент: преобразование из "size_t" в "unsigned int"; возможна потеря данных
D:\projects\ParallelProject\ParallelProject\lodepng.cpp(5228,7): warning C4267: аргумент: преобразование из "size_t" в "unsigned int"; возможна потеря данных
D:\projects\ParallelProject\ParallelProject\lodepng.cpp(5262,62): warning C4267: аргумент: преобразование из "size_t" в "unsigned int"; возможна потеря данных
D:\projects\ParallelProject\ParallelProject\lodepng.cpp(5279,3): warning C4267: аргумент: преобразование из "size_t" в "unsigned int"; возможна потеря данных
D:\projects\ParallelProject\ParallelProject\lodepng.cpp(5301,57): warning C4267: аргумент: преобразование из "size_t" в "unsigned int"; возможна потеря данных
D:\projects\ParallelProject\ParallelProject\lodepng.cpp(5332,57): warning C4267: аргумент: преобразование из "size_t" в "unsigned int"; возможна потеря данных
D:\projects\ParallelProject\ParallelProject\lodepng.cpp(5445,57): warning C4267: аргумент: преобразование из "size_t" в "unsigned int"; возможна потеря данных
D:\projects\ParallelProject\ParallelProject\lodepng.cpp(5559,33): warning C4334: <<: результат 32-разрядного смещения неявно преобразуется в 64-разрядное значение (предполагалось 64-разрядное смещение?)
D:\projects\ParallelProject\ParallelProject\ParallelProject.cpp(41,20): warning C4018: <: несоответствие типов со знаком и без знака
D:\projects\ParallelProject\ParallelProject\ParallelProject.cpp(54,20): warning C4018: <: несоответствие типов со знаком и без знака
D:\projects\ParallelProject\ParallelProject\ParallelProject.cpp(55,21): warning C4018: <: несоответствие типов со знаком и без знака
D:\projects\ParallelProject\ParallelProject\ParallelProject.cpp(57,26): warning C4018: >: несоответствие типов со знаком и без знака
D:\projects\ParallelProject\ParallelProject\ParallelProject.cpp(58,26): warning C4018: >: несоответствие типов со знаком и без знака
D:\projects\ParallelProject\ParallelProject\ParallelProject.cpp(93,20): warning C4018: <: несоответствие типов со знаком и без знака
D:\projects\ParallelProject\ParallelProject\ParallelProject.cpp(103,20): warning C4018: <: несоответствие типов со знаком и без знака
D:\projects\ParallelProject\ParallelProject\ParallelProject.cpp(105,21): warning C4018: <: несоответствие типов со знаком и без знака
D:\projects\ParallelProject\ParallelProject\ParallelProject.cpp(110,26): warning C4018: >: несоответствие типов со знаком и без знака
D:\projects\ParallelProject\ParallelProject\ParallelProject.cpp(111,26): warning C4018: >: несоответствие типов со знаком и без знака
D:\projects\ParallelProject\ParallelProject\ParallelProject.cpp(135,33): warning C4309: аргумент: усечение константного значения
D:\projects\ParallelProject\ParallelProject\ParallelProject.cpp(159,20): warning C4018: <: несоответствие типов со знаком и без знака
D:\projects\ParallelProject\ParallelProject\ParallelProject.cpp(190,20): warning C4018: <: несоответствие типов со знаком и без знака
D:\projects\ParallelProject\ParallelProject\ParallelProject.cpp(191,21): warning C4018: <: несоответствие типов со знаком и без знака
D:\projects\ParallelProject\ParallelProject\ParallelProject.cpp(193,26): warning C4018: >: несоответствие типов со знаком и без знака
D:\projects\ParallelProject\ParallelProject\ParallelProject.cpp(194,26): warning C4018: >: несоответствие типов со знаком и без знака
D:\projects\ParallelProject\ParallelProject\ParallelProject.cpp(199,26): warning C4018: >: несоответствие типов со знаком и без знака
D:\projects\ParallelProject\ParallelProject\ParallelProject.cpp(200,26): warning C4018: >: несоответствие типов со знаком и без знака
  Создание кода
  1 of 542 functions ( 0.2%) were compiled, the rest were copied from previous compilation.
    0 functions were new in current compilation
    5 functions had inline decision re-evaluated but remain unchanged
  Создание кода завершено
  ParallelProject.vcxproj -> D:\projects\ParallelProject\x64\Release\ParallelProject.exe
